d:\software projects\clientoo\serveroo\debug\serveroo.pch
d:\software projects\clientoo\serveroo\debug\vc120.pdb
d:\software projects\clientoo\serveroo\debug\vc120.idb
d:\software projects\clientoo\serveroo\debug\stdafx.obj
d:\software projects\clientoo\serveroo\debug\clientexample.obj
d:\software projects\clientoo\serveroo\debug\clientnetwork.obj
d:\software projects\clientoo\serveroo\debug\networkservices.obj
d:\software projects\clientoo\serveroo\debug\serverexample.obj
d:\software projects\clientoo\serveroo\debug\servernetwork.obj
d:\software projects\clientoo\serveroo\debug\serveroo.obj
d:\software projects\clientoo\serveroo\debug\startserver.obj
d:\software projects\clientoo\debug\serveroo.ilk
d:\software projects\clientoo\debug\serveroo.exe
d:\software projects\clientoo\debug\serveroo.pdb
d:\software projects\clientoo\serveroo\debug\serveroo.tlog\cl.command.1.tlog
d:\software projects\clientoo\serveroo\debug\serveroo.tlog\cl.read.1.tlog
d:\software projects\clientoo\serveroo\debug\serveroo.tlog\cl.write.1.tlog
d:\software projects\clientoo\serveroo\debug\serveroo.tlog\link.command.1.tlog
d:\software projects\clientoo\serveroo\debug\serveroo.tlog\link.read.1.tlog
d:\software projects\clientoo\serveroo\debug\serveroo.tlog\link.write.1.tlog
